[0415/102446.585:WARNING:dns_config_service_win.cc(668)] Failed to read DnsConfig.
[0415/102451.597:WARNING:dns_config_service_win.cc(668)] Failed to read DnsConfig.
[0415/102456.609:WARNING:dns_config_service_win.cc(668)] Failed to read DnsConfig.
[0415/102501.619:WARNING:dns_config_service_win.cc(668)] Failed to read DnsConfig.
[0415/102506.635:WARNING:dns_config_service_win.cc(668)] Failed to read DnsConfig.
[0415/102511.648:WARNING:dns_config_service_win.cc(668)] Failed to read DnsConfig.
[0415/102516.655:WARNING:dns_config_service_win.cc(668)] Failed to read DnsConfig.
[0415/102521.657:WARNING:dns_config_service_win.cc(668)] Failed to read DnsConfig.
[0415/102526.667:WARNING:dns_config_service_win.cc(668)] Failed to read DnsConfig.
[0415/102531.689:WARNING:dns_config_service_win.cc(668)] Failed to read DnsConfig.
[0415/102536.696:WARNING:dns_config_service_win.cc(668)] Failed to read DnsConfig.
[0415/102541.704:WARNING:dns_config_service_win.cc(668)] Failed to read DnsConfig.
[0415/102546.720:WARNING:dns_config_service_win.cc(668)] Failed to read DnsConfig.
[0415/102551.726:WARNING:dns_config_service_win.cc(668)] Failed to read DnsConfig.
[0415/102556.742:WARNING:dns_config_service_win.cc(668)] Failed to read DnsConfig.
[0415/102601.759:WARNING:dns_config_service_win.cc(668)] Failed to read DnsConfig.
[0415/102606.765:WARNING:dns_config_service_win.cc(668)] Failed to read DnsConfig.
[0415/102611.785:WARNING:dns_config_service_win.cc(668)] Failed to read DnsConfig.
[0415/102616.794:WARNING:dns_config_service_win.cc(668)] Failed to read DnsConfig.
[0415/102621.808:WARNING:dns_config_service_win.cc(668)] Failed to read DnsConfig.
[0415/102626.831:WARNING:dns_config_service_win.cc(668)] Failed to read DnsConfig.
[0415/102631.842:WARNING:dns_config_service_win.cc(668)] Failed to read DnsConfig.
[0415/102636.859:WARNING:dns_config_service_win.cc(668)] Failed to read DnsConfig.
[0415/102641.866:WARNING:dns_config_service_win.cc(668)] Failed to read DnsConfig.
[0415/102646.876:WARNING:dns_config_service_win.cc(668)] Failed to read DnsConfig.
[0415/102651.887:WARNING:dns_config_service_win.cc(668)] Failed to read DnsConfig.
[0415/102656.917:WARNING:dns_config_service_win.cc(668)] Failed to read DnsConfig.
[0415/102701.931:WARNING:dns_config_service_win.cc(668)] Failed to read DnsConfig.
[0415/102706.944:WARNING:dns_config_service_win.cc(668)] Failed to read DnsConfig.
[0415/102711.955:WARNING:dns_config_service_win.cc(668)] Failed to read DnsConfig.
[0415/102716.962:WARNING:dns_config_service_win.cc(668)] Failed to read DnsConfig.
[0415/102721.985:WARNING:dns_config_service_win.cc(668)] Failed to read DnsConfig.
[0415/102726.988:WARNING:dns_config_service_win.cc(668)] Failed to read DnsConfig.
[0415/102732.003:WARNING:dns_config_service_win.cc(668)] Failed to read DnsConfig.
[0415/102737.019:WARNING:dns_config_service_win.cc(668)] Failed to read DnsConfig.
[0415/102742.030:WARNING:dns_config_service_win.cc(668)] Failed to read DnsConfig.
[0415/102747.045:WARNING:dns_config_service_win.cc(668)] Failed to read DnsConfig.
[0415/102752.052:WARNING:dns_config_service_win.cc(668)] Failed to read DnsConfig.
[0415/102757.063:WARNING:dns_config_service_win.cc(668)] Failed to read DnsConfig.
[0415/102802.078:WARNING:dns_config_service_win.cc(668)] Failed to read DnsConfig.
[0415/102807.108:WARNING:dns_config_service_win.cc(668)] Failed to read DnsConfig.
[0415/102812.113:WARNING:dns_config_service_win.cc(668)] Failed to read DnsConfig.
[0415/102817.127:WARNING:dns_config_service_win.cc(668)] Failed to read DnsConfig.
[0415/102822.140:WARNING:dns_config_service_win.cc(668)] Failed to read DnsConfig.
[0415/102827.158:WARNING:dns_config_service_win.cc(668)] Failed to read DnsConfig.
[0415/102832.168:WARNING:dns_config_service_win.cc(668)] Failed to read DnsConfig.
[0415/102837.181:WARNING:dns_config_service_win.cc(668)] Failed to read DnsConfig.
[0415/102842.186:WARNING:dns_config_service_win.cc(668)] Failed to read DnsConfig.
[0415/102847.204:WARNING:dns_config_service_win.cc(668)] Failed to read DnsConfig.
[0415/102852.206:WARNING:dns_config_service_win.cc(668)] Failed to read DnsConfig.
[0415/102857.229:WARNING:dns_config_service_win.cc(668)] Failed to read DnsConfig.
[0415/102902.233:WARNING:dns_config_service_win.cc(668)] Failed to read DnsConfig.
[0415/102907.252:WARNING:dns_config_service_win.cc(668)] Failed to read DnsConfig.
[0415/102912.277:WARNING:dns_config_service_win.cc(668)] Failed to read DnsConfig.
[0415/102917.291:WARNING:dns_config_service_win.cc(668)] Failed to read DnsConfig.
[0415/102922.315:WARNING:dns_config_service_win.cc(668)] Failed to read DnsConfig.
[0415/102927.325:WARNING:dns_config_service_win.cc(668)] Failed to read DnsConfig.
[0415/102932.337:WARNING:dns_config_service_win.cc(668)] Failed to read DnsConfig.
[0415/102937.346:WARNING:dns_config_service_win.cc(668)] Failed to read DnsConfig.
[0415/102942.370:WARNING:dns_config_service_win.cc(668)] Failed to read DnsConfig.
[0415/102947.383:WARNING:dns_config_service_win.cc(668)] Failed to read DnsConfig.
[0415/102952.395:WARNING:dns_config_service_win.cc(668)] Failed to read DnsConfig.
[0415/102957.408:WARNING:dns_config_service_win.cc(668)] Failed to read DnsConfig.
[0415/103002.428:WARNING:dns_config_service_win.cc(668)] Failed to read DnsConfig.
[0415/103007.449:WARNING:dns_config_service_win.cc(668)] Failed to read DnsConfig.
[0415/103012.456:WARNING:dns_config_service_win.cc(668)] Failed to read DnsConfig.
[0415/103017.466:WARNING:dns_config_service_win.cc(668)] Failed to read DnsConfig.
[0415/103022.482:WARNING:dns_config_service_win.cc(668)] Failed to read DnsConfig.
[0415/103027.499:WARNING:dns_config_service_win.cc(668)] Failed to read DnsConfig.
[0415/103032.517:WARNING:dns_config_service_win.cc(668)] Failed to read DnsConfig.
[0415/103037.537:WARNING:dns_config_service_win.cc(668)] Failed to read DnsConfig.
[0415/103042.543:WARNING:dns_config_service_win.cc(668)] Failed to read DnsConfig.
[0415/103047.552:WARNING:dns_config_service_win.cc(668)] Failed to read DnsConfig.
[0415/103052.571:WARNING:dns_config_service_win.cc(668)] Failed to read DnsConfig.
[0415/103057.582:WARNING:dns_config_service_win.cc(668)] Failed to read DnsConfig.
[0415/103102.595:WARNING:dns_config_service_win.cc(668)] Failed to read DnsConfig.
[0415/103107.599:WARNING:dns_config_service_win.cc(668)] Failed to read DnsConfig.
[0415/103112.618:WARNING:dns_config_service_win.cc(668)] Failed to read DnsConfig.
[0415/103117.628:WARNING:dns_config_service_win.cc(668)] Failed to read DnsConfig.
[0415/103122.630:WARNING:dns_config_service_win.cc(668)] Failed to read DnsConfig.
[0415/103127.642:WARNING:dns_config_service_win.cc(668)] Failed to read DnsConfig.
[0415/103132.661:WARNING:dns_config_service_win.cc(668)] Failed to read DnsConfig.
[0415/103137.670:WARNING:dns_config_service_win.cc(668)] Failed to read DnsConfig.
[0415/103142.690:WARNING:dns_config_service_win.cc(668)] Failed to read DnsConfig.
[0415/103147.718:WARNING:dns_config_service_win.cc(668)] Failed to read DnsConfig.
[0415/103152.733:WARNING:dns_config_service_win.cc(668)] Failed to read DnsConfig.
[0415/103157.752:WARNING:dns_config_service_win.cc(668)] Failed to read DnsConfig.
[0415/103202.768:WARNING:dns_config_service_win.cc(668)] Failed to read DnsConfig.
[0415/103207.781:WARNING:dns_config_service_win.cc(668)] Failed to read DnsConfig.
[0415/103212.800:WARNING:dns_config_service_win.cc(668)] Failed to read DnsConfig.
[0415/103217.808:WARNING:dns_config_service_win.cc(668)] Failed to read DnsConfig.
[0415/103222.827:WARNING:dns_config_service_win.cc(668)] Failed to read DnsConfig.
[0415/103227.841:WARNING:dns_config_service_win.cc(668)] Failed to read DnsConfig.
[0415/103232.853:WARNING:dns_config_service_win.cc(668)] Failed to read DnsConfig.
[0415/103237.858:WARNING:dns_config_service_win.cc(668)] Failed to read DnsConfig.
[0415/103242.878:WARNING:dns_config_service_win.cc(668)] Failed to read DnsConfig.
[0415/103247.907:WARNING:dns_config_service_win.cc(668)] Failed to read DnsConfig.
[0415/103252.931:WARNING:dns_config_service_win.cc(668)] Failed to read DnsConfig.
[0415/103257.951:WARNING:dns_config_service_win.cc(668)] Failed to read DnsConfig.
[0415/103302.952:WARNING:dns_config_service_win.cc(668)] Failed to read DnsConfig.
[0415/103307.978:WARNING:dns_config_service_win.cc(668)] Failed to read DnsConfig.
[0415/103312.989:WARNING:dns_config_service_win.cc(668)] Failed to read DnsConfig.
[0415/103318.019:WARNING:dns_config_service_win.cc(668)] Failed to read DnsConfig.
[0415/103323.029:WARNING:dns_config_service_win.cc(668)] Failed to read DnsConfig.
[0415/103328.036:WARNING:dns_config_service_win.cc(668)] Failed to read DnsConfig.
[0415/103333.048:WARNING:dns_config_service_win.cc(668)] Failed to read DnsConfig.
[0415/103338.067:WARNING:dns_config_service_win.cc(668)] Failed to read DnsConfig.
[0415/103343.077:WARNING:dns_config_service_win.cc(668)] Failed to read DnsConfig.
[0415/103348.092:WARNING:dns_config_service_win.cc(668)] Failed to read DnsConfig.
[0415/103353.107:WARNING:dns_config_service_win.cc(668)] Failed to read DnsConfig.
[0415/103358.117:WARNING:dns_config_service_win.cc(668)] Failed to read DnsConfig.
[0415/103403.120:WARNING:dns_config_service_win.cc(668)] Failed to read DnsConfig.
[0415/103408.137:WARNING:dns_config_service_win.cc(668)] Failed to read DnsConfig.
[0415/103413.152:WARNING:dns_config_service_win.cc(668)] Failed to read DnsConfig.
[0415/103418.180:WARNING:dns_config_service_win.cc(668)] Failed to read DnsConfig.
[0415/103423.184:WARNING:dns_config_service_win.cc(668)] Failed to read DnsConfig.
[0415/103428.206:WARNING:dns_config_service_win.cc(668)] Failed to read DnsConfig.
[0415/103433.215:WARNING:dns_config_service_win.cc(668)] Failed to read DnsConfig.
[0415/103438.231:WARNING:dns_config_service_win.cc(668)] Failed to read DnsConfig.
[0415/103443.252:WARNING:dns_config_service_win.cc(668)] Failed to read DnsConfig.
[0415/103448.264:WARNING:dns_config_service_win.cc(668)] Failed to read DnsConfig.
[0415/103453.278:WARNING:dns_config_service_win.cc(668)] Failed to read DnsConfig.
[0415/103458.285:WARNING:dns_config_service_win.cc(668)] Failed to read DnsConfig.
[0415/103503.304:WARNING:dns_config_service_win.cc(668)] Failed to read DnsConfig.
[0415/103508.324:WARNING:dns_config_service_win.cc(668)] Failed to read DnsConfig.
[0415/103513.335:WARNING:dns_config_service_win.cc(668)] Failed to read DnsConfig.
[0415/103518.354:WARNING:dns_config_service_win.cc(668)] Failed to read DnsConfig.
[0415/103523.362:WARNING:dns_config_service_win.cc(668)] Failed to read DnsConfig.
[0415/103528.374:WARNING:dns_config_service_win.cc(668)] Failed to read DnsConfig.
[0415/103533.381:WARNING:dns_config_service_win.cc(668)] Failed to read DnsConfig.
[0415/103538.399:WARNING:dns_config_service_win.cc(668)] Failed to read DnsConfig.
[0415/103543.409:WARNING:dns_config_service_win.cc(668)] Failed to read DnsConfig.
[0415/103548.428:WARNING:dns_config_service_win.cc(668)] Failed to read DnsConfig.
[0415/103553.438:WARNING:dns_config_service_win.cc(668)] Failed to read DnsConfig.
[0415/103558.446:WARNING:dns_config_service_win.cc(668)] Failed to read DnsConfig.
[0415/103603.465:WARNING:dns_config_service_win.cc(668)] Failed to read DnsConfig.
[0415/103608.485:WARNING:dns_config_service_win.cc(668)] Failed to read DnsConfig.
[0415/103613.499:WARNING:dns_config_service_win.cc(668)] Failed to read DnsConfig.
[0415/103618.510:WARNING:dns_config_service_win.cc(668)] Failed to read DnsConfig.
[0415/103623.527:WARNING:dns_config_service_win.cc(668)] Failed to read DnsConfig.
[0415/103628.536:WARNING:dns_config_service_win.cc(668)] Failed to read DnsConfig.
[0415/103633.551:WARNING:dns_config_service_win.cc(668)] Failed to read DnsConfig.
[0415/103638.573:WARNING:dns_config_service_win.cc(668)] Failed to read DnsConfig.
[0415/103643.582:WARNING:dns_config_service_win.cc(668)] Failed to read DnsConfig.
[0415/103648.596:WARNING:dns_config_service_win.cc(668)] Failed to read DnsConfig.
[0415/103653.619:WARNING:dns_config_service_win.cc(668)] Failed to read DnsConfig.
[0415/103658.637:WARNING:dns_config_service_win.cc(668)] Failed to read DnsConfig.
[0415/103703.651:WARNING:dns_config_service_win.cc(668)] Failed to read DnsConfig.
[0415/103708.663:WARNING:dns_config_service_win.cc(668)] Failed to read DnsConfig.
[0415/103713.678:WARNING:dns_config_service_win.cc(668)] Failed to read DnsConfig.
[0415/103718.688:WARNING:dns_config_service_win.cc(668)] Failed to read DnsConfig.
[0415/103723.700:WARNING:dns_config_service_win.cc(668)] Failed to read DnsConfig.
[0415/103728.714:WARNING:dns_config_service_win.cc(668)] Failed to read DnsConfig.
[0415/103733.723:WARNING:dns_config_service_win.cc(668)] Failed to read DnsConfig.
[0415/103738.753:WARNING:dns_config_service_win.cc(668)] Failed to read DnsConfig.
[0415/103743.761:WARNING:dns_config_service_win.cc(668)] Failed to read DnsConfig.
[0415/103748.776:WARNING:dns_config_service_win.cc(668)] Failed to read DnsConfig.
[0415/103753.783:WARNING:dns_config_service_win.cc(668)] Failed to read DnsConfig.
[0415/103758.799:WARNING:dns_config_service_win.cc(668)] Failed to read DnsConfig.
[0415/103803.812:WARNING:dns_config_service_win.cc(668)] Failed to read DnsConfig.
[0415/103808.828:WARNING:dns_config_service_win.cc(668)] Failed to read DnsConfig.
[0415/103813.831:WARNING:dns_config_service_win.cc(668)] Failed to read DnsConfig.
[0415/103818.849:WARNING:dns_config_service_win.cc(668)] Failed to read DnsConfig.
[0415/103823.860:WARNING:dns_config_service_win.cc(668)] Failed to read DnsConfig.
[0415/103828.875:WARNING:dns_config_service_win.cc(668)] Failed to read DnsConfig.
[0415/103833.891:WARNING:dns_config_service_win.cc(668)] Failed to read DnsConfig.
[0415/103838.902:WARNING:dns_config_service_win.cc(668)] Failed to read DnsConfig.
[0415/103843.928:WARNING:dns_config_service_win.cc(668)] Failed to read DnsConfig.
[0415/103848.941:WARNING:dns_config_service_win.cc(668)] Failed to read DnsConfig.
[0415/103853.948:WARNING:dns_config_service_win.cc(668)] Failed to read DnsConfig.
[0415/103858.959:WARNING:dns_config_service_win.cc(668)] Failed to read DnsConfig.
[0415/103903.972:WARNING:dns_config_service_win.cc(668)] Failed to read DnsConfig.
[0415/103908.984:WARNING:dns_config_service_win.cc(668)] Failed to read DnsConfig.
[0415/103914.002:WARNING:dns_config_service_win.cc(668)] Failed to read DnsConfig.
[0415/103919.007:WARNING:dns_config_service_win.cc(668)] Failed to read DnsConfig.
[0415/103924.020:WARNING:dns_config_service_win.cc(668)] Failed to read DnsConfig.
[0415/103929.040:WARNING:dns_config_service_win.cc(668)] Failed to read DnsConfig.
[0415/103934.068:WARNING:dns_config_service_win.cc(668)] Failed to read DnsConfig.
[0415/103939.071:WARNING:dns_config_service_win.cc(668)] Failed to read DnsConfig.
[0415/103944.091:WARNING:dns_config_service_win.cc(668)] Failed to read DnsConfig.
[0415/103949.101:WARNING:dns_config_service_win.cc(668)] Failed to read DnsConfig.
[0415/103954.111:WARNING:dns_config_service_win.cc(668)] Failed to read DnsConfig.
[0415/103959.125:WARNING:dns_config_service_win.cc(668)] Failed to read DnsConfig.
[0415/104004.134:WARNING:dns_config_service_win.cc(668)] Failed to read DnsConfig.
[0415/104009.150:WARNING:dns_config_service_win.cc(668)] Failed to read DnsConfig.
[0415/104014.158:WARNING:dns_config_service_win.cc(668)] Failed to read DnsConfig.
[0415/104019.171:WARNING:dns_config_service_win.cc(668)] Failed to read DnsConfig.
[0415/104024.186:WARNING:dns_config_service_win.cc(668)] Failed to read DnsConfig.
[0415/104029.198:WARNING:dns_config_service_win.cc(668)] Failed to read DnsConfig.
[0415/104034.204:WARNING:dns_config_service_win.cc(668)] Failed to read DnsConfig.
[0415/104039.218:WARNING:dns_config_service_win.cc(668)] Failed to read DnsConfig.
[0415/104044.232:WARNING:dns_config_service_win.cc(668)] Failed to read DnsConfig.
[0415/104049.245:WARNING:dns_config_service_win.cc(668)] Failed to read DnsConfig.
[0415/104054.251:WARNING:dns_config_service_win.cc(668)] Failed to read DnsConfig.
[0415/104059.268:WARNING:dns_config_service_win.cc(668)] Failed to read DnsConfig.
[0415/104104.280:WARNING:dns_config_service_win.cc(668)] Failed to read DnsConfig.
[0415/104109.293:WARNING:dns_config_service_win.cc(668)] Failed to read DnsConfig.
[0415/104114.298:WARNING:dns_config_service_win.cc(668)] Failed to read DnsConfig.
[0415/104119.313:WARNING:dns_config_service_win.cc(668)] Failed to read DnsConfig.
[0415/104124.324:WARNING:dns_config_service_win.cc(668)] Failed to read DnsConfig.
[0415/104129.336:WARNING:dns_config_service_win.cc(668)] Failed to read DnsConfig.
[0415/104134.348:WARNING:dns_config_service_win.cc(668)] Failed to read DnsConfig.
[0415/104139.360:WARNING:dns_config_service_win.cc(668)] Failed to read DnsConfig.
[0415/104144.373:WARNING:dns_config_service_win.cc(668)] Failed to read DnsConfig.
[0415/104149.387:WARNING:dns_config_service_win.cc(668)] Failed to read DnsConfig.
[0415/104154.394:WARNING:dns_config_service_win.cc(668)] Failed to read DnsConfig.
[0415/104159.409:WARNING:dns_config_service_win.cc(668)] Failed to read DnsConfig.
[0415/104204.425:WARNING:dns_config_service_win.cc(668)] Failed to read DnsConfig.
[0415/104209.433:WARNING:dns_config_service_win.cc(668)] Failed to read DnsConfig.
[0415/104214.445:WARNING:dns_config_service_win.cc(668)] Failed to read DnsConfig.
[0415/104219.459:WARNING:dns_config_service_win.cc(668)] Failed to read DnsConfig.
[0415/104224.469:WARNING:dns_config_service_win.cc(668)] Failed to read DnsConfig.
[0415/104229.476:WARNING:dns_config_service_win.cc(668)] Failed to read DnsConfig.
[0415/104234.491:WARNING:dns_config_service_win.cc(668)] Failed to read DnsConfig.
[0415/104840.583:WARNING:dns_config_service_win.cc(668)] Failed to read DnsConfig.
[0415/104846.203:WARNING:dns_config_service_win.cc(668)] Failed to read DnsConfig.
[0415/104851.213:WARNING:dns_config_service_win.cc(668)] Failed to read DnsConfig.
[0415/104856.226:WARNING:dns_config_service_win.cc(668)] Failed to read DnsConfig.
[0415/104901.238:WARNING:dns_config_service_win.cc(668)] Failed to read DnsConfig.
[0415/104906.251:WARNING:dns_config_service_win.cc(668)] Failed to read DnsConfig.
[0415/104911.266:WARNING:dns_config_service_win.cc(668)] Failed to read DnsConfig.
[0415/104916.272:WARNING:dns_config_service_win.cc(668)] Failed to read DnsConfig.
[0415/104921.286:WARNING:dns_config_service_win.cc(668)] Failed to read DnsConfig.
[0415/104926.301:WARNING:dns_config_service_win.cc(668)] Failed to read DnsConfig.
[0415/104931.310:WARNING:dns_config_service_win.cc(668)] Failed to read DnsConfig.
[0415/104936.334:WARNING:dns_config_service_win.cc(668)] Failed to read DnsConfig.
[0415/104941.351:WARNING:dns_config_service_win.cc(668)] Failed to read DnsConfig.
[0415/104946.363:WARNING:dns_config_service_win.cc(668)] Failed to read DnsConfig.
[0415/104951.372:WARNING:dns_config_service_win.cc(668)] Failed to read DnsConfig.
[0415/104956.388:WARNING:dns_config_service_win.cc(668)] Failed to read DnsConfig.
[0415/105001.403:WARNING:dns_config_service_win.cc(668)] Failed to read DnsConfig.
[0415/105006.415:WARNING:dns_config_service_win.cc(668)] Failed to read DnsConfig.
[0415/105011.427:WARNING:dns_config_service_win.cc(668)] Failed to read DnsConfig.
[0415/105016.436:WARNING:dns_config_service_win.cc(668)] Failed to read DnsConfig.
[0415/105021.445:WARNING:dns_config_service_win.cc(668)] Failed to read DnsConfig.
[0415/105026.457:WARNING:dns_config_service_win.cc(668)] Failed to read DnsConfig.
[0415/105031.475:WARNING:dns_config_service_win.cc(668)] Failed to read DnsConfig.
[0415/105036.481:WARNING:dns_config_service_win.cc(668)] Failed to read DnsConfig.
[0415/105041.492:WARNING:dns_config_service_win.cc(668)] Failed to read DnsConfig.
[0415/105046.505:WARNING:dns_config_service_win.cc(668)] Failed to read DnsConfig.
[0415/105051.522:WARNING:dns_config_service_win.cc(668)] Failed to read DnsConfig.
[0415/105056.531:WARNING:dns_config_service_win.cc(668)] Failed to read DnsConfig.
[0415/105101.547:WARNING:dns_config_service_win.cc(668)] Failed to read DnsConfig.
[0415/105106.552:WARNING:dns_config_service_win.cc(668)] Failed to read DnsConfig.
[0415/105111.570:WARNING:dns_config_service_win.cc(668)] Failed to read DnsConfig.
[0415/105116.579:WARNING:dns_config_service_win.cc(668)] Failed to read DnsConfig.
[0415/105121.594:WARNING:dns_config_service_win.cc(668)] Failed to read DnsConfig.
[0415/105126.606:WARNING:dns_config_service_win.cc(668)] Failed to read DnsConfig.
[0415/105131.615:WARNING:dns_config_service_win.cc(668)] Failed to read DnsConfig.
[0415/105136.624:WARNING:dns_config_service_win.cc(668)] Failed to read DnsConfig.
[0415/105141.639:WARNING:dns_config_service_win.cc(668)] Failed to read DnsConfig.
[0415/105146.655:WARNING:dns_config_service_win.cc(668)] Failed to read DnsConfig.
[0415/105151.667:WARNING:dns_config_service_win.cc(668)] Failed to read DnsConfig.
[0415/105550.411:WARNING:dns_config_service_win.cc(668)] Failed to read DnsConfig.
[0415/105555.430:WARNING:dns_config_service_win.cc(668)] Failed to read DnsConfig.
[0415/105600.439:WARNING:dns_config_service_win.cc(668)] Failed to read DnsConfig.
[0415/105605.454:WARNING:dns_config_service_win.cc(668)] Failed to read DnsConfig.
[0415/105610.467:WARNING:dns_config_service_win.cc(668)] Failed to read DnsConfig.
[0415/105615.478:WARNING:dns_config_service_win.cc(668)] Failed to read DnsConfig.
[0415/105620.487:WARNING:dns_config_service_win.cc(668)] Failed to read DnsConfig.
[0415/105625.497:WARNING:dns_config_service_win.cc(668)] Failed to read DnsConfig.
[0415/105628.250:INFO:CONSOLE(1)] "Long rAF frame-time", source: file:///C:/Program%20Files/Adobe/Adobe%20Photoshop%202020/Required/www-rich-tooltips/build/external.js (1)
[0415/105628.455:ERROR:mf_helpers.cc(14)] Error in dxva_video_decode_accelerator_win.cc on line 1612
[0415/105628.455:ERROR:mf_helpers.cc(14)] Error in dxva_video_decode_accelerator_win.cc on line 842
[0415/105628.505:WARNING:angle_platform_impl.cc(52)] compileToBinary(230): 
C:\fakepath(69,8-58): warning X3571: pow(f, e) will not work for negative f, use abs(f) or conditionally handle negative values if you expect them
C:\fakepath(77,9-43): warning X3571: pow(f, e) will not work for negative f, use abs(f) or conditionally handle negative values if you expect them

[0415/105630.512:WARNING:dns_config_service_win.cc(668)] Failed to read DnsConfig.
[0415/105635.522:WARNING:dns_config_service_win.cc(668)] Failed to read DnsConfig.
[0415/105640.535:WARNING:dns_config_service_win.cc(668)] Failed to read DnsConfig.
[0415/105645.550:WARNING:dns_config_service_win.cc(668)] Failed to read DnsConfig.
[0415/105650.555:WARNING:dns_config_service_win.cc(668)] Failed to read DnsConfig.
[0415/105655.571:WARNING:dns_config_service_win.cc(668)] Failed to read DnsConfig.
[0415/105700.585:WARNING:dns_config_service_win.cc(668)] Failed to read DnsConfig.
[0415/105705.593:WARNING:dns_config_service_win.cc(668)] Failed to read DnsConfig.
[0415/105710.608:WARNING:dns_config_service_win.cc(668)] Failed to read DnsConfig.
[0415/105715.627:WARNING:dns_config_service_win.cc(668)] Failed to read DnsConfig.
[0415/105720.646:WARNING:dns_config_service_win.cc(668)] Failed to read DnsConfig.
[0415/105725.657:WARNING:dns_config_service_win.cc(668)] Failed to read DnsConfig.
[0415/105729.122:WARNING:dns_config_service_win.cc(668)] Failed to read DnsConfig.
[0415/105730.676:WARNING:dns_config_service_win.cc(668)] Failed to read DnsConfig.
[0415/105734.130:WARNING:dns_config_service_win.cc(668)] Failed to read DnsConfig.
[0415/105735.686:WARNING:dns_config_service_win.cc(668)] Failed to read DnsConfig.
[0415/105739.142:WARNING:dns_config_service_win.cc(668)] Failed to read DnsConfig.
[0415/105740.693:WARNING:dns_config_service_win.cc(668)] Failed to read DnsConfig.
[0415/105744.156:WARNING:dns_config_service_win.cc(668)] Failed to read DnsConfig.
[0415/105745.702:WARNING:dns_config_service_win.cc(668)] Failed to read DnsConfig.
[0415/105749.169:WARNING:dns_config_service_win.cc(668)] Failed to read DnsConfig.
[0415/105750.720:WARNING:dns_config_service_win.cc(668)] Failed to read DnsConfig.
[0415/105754.187:WARNING:dns_config_service_win.cc(668)] Failed to read DnsConfig.
[0415/105755.735:WARNING:dns_config_service_win.cc(668)] Failed to read DnsConfig.
[0415/105759.194:WARNING:dns_config_service_win.cc(668)] Failed to read DnsConfig.
[0415/105800.740:WARNING:dns_config_service_win.cc(668)] Failed to read DnsConfig.
[0415/105804.208:WARNING:dns_config_service_win.cc(668)] Failed to read DnsConfig.
[0415/105805.757:WARNING:dns_config_service_win.cc(668)] Failed to read DnsConfig.
[0415/105809.218:WARNING:dns_config_service_win.cc(668)] Failed to read DnsConfig.
[0415/105810.780:WARNING:dns_config_service_win.cc(668)] Failed to read DnsConfig.
[0415/105814.232:WARNING:dns_config_service_win.cc(668)] Failed to read DnsConfig.
[0415/105815.801:WARNING:dns_config_service_win.cc(668)] Failed to read DnsConfig.
[0415/105819.253:WARNING:dns_config_service_win.cc(668)] Failed to read DnsConfig.
[0415/105820.815:WARNING:dns_config_service_win.cc(668)] Failed to read DnsConfig.
[0415/105824.263:WARNING:dns_config_service_win.cc(668)] Failed to read DnsConfig.
[0415/105825.821:WARNING:dns_config_service_win.cc(668)] Failed to read DnsConfig.
[0415/105829.275:WARNING:dns_config_service_win.cc(668)] Failed to read DnsConfig.
[0415/105830.828:WARNING:dns_config_service_win.cc(668)] Failed to read DnsConfig.
[0415/105834.291:WARNING:dns_config_service_win.cc(668)] Failed to read DnsConfig.
[0415/105835.833:WARNING:dns_config_service_win.cc(668)] Failed to read DnsConfig.
[0415/105839.302:WARNING:dns_config_service_win.cc(668)] Failed to read DnsConfig.
[0415/105840.842:WARNING:dns_config_service_win.cc(668)] Failed to read DnsConfig.
[0415/105844.320:WARNING:dns_config_service_win.cc(668)] Failed to read DnsConfig.
[0415/105845.850:WARNING:dns_config_service_win.cc(668)] Failed to read DnsConfig.
[0415/105849.330:WARNING:dns_config_service_win.cc(668)] Failed to read DnsConfig.
[0415/105850.866:WARNING:dns_config_service_win.cc(668)] Failed to read DnsConfig.
[0415/105854.342:WARNING:dns_config_service_win.cc(668)] Failed to read DnsConfig.
[0415/105855.874:WARNING:dns_config_service_win.cc(668)] Failed to read DnsConfig.
[0415/105859.359:WARNING:dns_config_service_win.cc(668)] Failed to read DnsConfig.
[0415/105900.892:WARNING:dns_config_service_win.cc(668)] Failed to read DnsConfig.
[0415/105904.374:WARNING:dns_config_service_win.cc(668)] Failed to read DnsConfig.
[0415/105905.921:WARNING:dns_config_service_win.cc(668)] Failed to read DnsConfig.
[0415/105909.379:WARNING:dns_config_service_win.cc(668)] Failed to read DnsConfig.
[0415/105910.924:WARNING:dns_config_service_win.cc(668)] Failed to read DnsConfig.
[0415/105914.393:WARNING:dns_config_service_win.cc(668)] Failed to read DnsConfig.
[0415/105915.940:WARNING:dns_config_service_win.cc(668)] Failed to read DnsConfig.
[0415/105919.400:WARNING:dns_config_service_win.cc(668)] Failed to read DnsConfig.
[0415/105920.955:WARNING:dns_config_service_win.cc(668)] Failed to read DnsConfig.
[0415/105924.408:WARNING:dns_config_service_win.cc(668)] Failed to read DnsConfig.
[0415/105925.966:WARNING:dns_config_service_win.cc(668)] Failed to read DnsConfig.
[0415/105929.424:WARNING:dns_config_service_win.cc(668)] Failed to read DnsConfig.
[0415/105930.977:WARNING:dns_config_service_win.cc(668)] Failed to read DnsConfig.
[0415/105934.434:WARNING:dns_config_service_win.cc(668)] Failed to read DnsConfig.
[0415/105935.986:WARNING:dns_config_service_win.cc(668)] Failed to read DnsConfig.
[0415/105939.446:WARNING:dns_config_service_win.cc(668)] Failed to read DnsConfig.
[0415/105941.007:WARNING:dns_config_service_win.cc(668)] Failed to read DnsConfig.
[0415/105944.466:WARNING:dns_config_service_win.cc(668)] Failed to read DnsConfig.
[0415/105946.030:WARNING:dns_config_service_win.cc(668)] Failed to read DnsConfig.
[0415/105949.482:WARNING:dns_config_service_win.cc(668)] Failed to read DnsConfig.
[0415/105951.047:WARNING:dns_config_service_win.cc(668)] Failed to read DnsConfig.
[0415/105954.483:WARNING:dns_config_service_win.cc(668)] Failed to read DnsConfig.
[0415/105956.070:WARNING:dns_config_service_win.cc(668)] Failed to read DnsConfig.
[0415/105959.504:WARNING:dns_config_service_win.cc(668)] Failed to read DnsConfig.
[0415/110001.090:WARNING:dns_config_service_win.cc(668)] Failed to read DnsConfig.
[0415/110004.521:WARNING:dns_config_service_win.cc(668)] Failed to read DnsConfig.
[0415/110006.103:WARNING:dns_config_service_win.cc(668)] Failed to read DnsConfig.
[0415/110009.538:WARNING:dns_config_service_win.cc(668)] Failed to read DnsConfig.
[0415/110011.114:WARNING:dns_config_service_win.cc(668)] Failed to read DnsConfig.
[0415/110014.553:WARNING:dns_config_service_win.cc(668)] Failed to read DnsConfig.
[0415/110016.133:WARNING:dns_config_service_win.cc(668)] Failed to read DnsConfig.
[0415/110019.562:WARNING:dns_config_service_win.cc(668)] Failed to read DnsConfig.
[0415/110021.144:WARNING:dns_config_service_win.cc(668)] Failed to read DnsConfig.
[0415/110024.584:WARNING:dns_config_service_win.cc(668)] Failed to read DnsConfig.
[0415/110026.160:WARNING:dns_config_service_win.cc(668)] Failed to read DnsConfig.
[0415/110029.592:WARNING:dns_config_service_win.cc(668)] Failed to read DnsConfig.
[0415/110031.180:WARNING:dns_config_service_win.cc(668)] Failed to read DnsConfig.
[0415/110034.613:WARNING:dns_config_service_win.cc(668)] Failed to read DnsConfig.
[0415/110036.181:WARNING:dns_config_service_win.cc(668)] Failed to read DnsConfig.
[0415/110039.623:WARNING:dns_config_service_win.cc(668)] Failed to read DnsConfig.
[0415/110041.195:WARNING:dns_config_service_win.cc(668)] Failed to read DnsConfig.
[0415/110044.643:WARNING:dns_config_service_win.cc(668)] Failed to read DnsConfig.
[0415/110046.204:WARNING:dns_config_service_win.cc(668)] Failed to read DnsConfig.
[0415/110049.648:WARNING:dns_config_service_win.cc(668)] Failed to read DnsConfig.
[0415/110051.222:WARNING:dns_config_service_win.cc(668)] Failed to read DnsConfig.
[0415/110054.666:WARNING:dns_config_service_win.cc(668)] Failed to read DnsConfig.
[0415/110056.227:WARNING:dns_config_service_win.cc(668)] Failed to read DnsConfig.
[0415/110059.674:WARNING:dns_config_service_win.cc(668)] Failed to read DnsConfig.
[0415/110101.238:WARNING:dns_config_service_win.cc(668)] Failed to read DnsConfig.
[0415/110104.688:WARNING:dns_config_service_win.cc(668)] Failed to read DnsConfig.
[0415/110106.258:WARNING:dns_config_service_win.cc(668)] Failed to read DnsConfig.
[0415/110109.710:WARNING:dns_config_service_win.cc(668)] Failed to read DnsConfig.
[0415/110111.267:WARNING:dns_config_service_win.cc(668)] Failed to read DnsConfig.
[0415/110114.725:WARNING:dns_config_service_win.cc(668)] Failed to read DnsConfig.
[0415/110116.274:WARNING:dns_config_service_win.cc(668)] Failed to read DnsConfig.
[0415/110119.729:WARNING:dns_config_service_win.cc(668)] Failed to read DnsConfig.
[0415/110121.294:WARNING:dns_config_service_win.cc(668)] Failed to read DnsConfig.
[0415/110124.736:WARNING:dns_config_service_win.cc(668)] Failed to read DnsConfig.
[0415/110126.303:WARNING:dns_config_service_win.cc(668)] Failed to read DnsConfig.
[0415/110129.749:WARNING:dns_config_service_win.cc(668)] Failed to read DnsConfig.
[0415/110131.315:WARNING:dns_config_service_win.cc(668)] Failed to read DnsConfig.
[0415/110134.754:WARNING:dns_config_service_win.cc(668)] Failed to read DnsConfig.
[0415/110136.322:WARNING:dns_config_service_win.cc(668)] Failed to read DnsConfig.
[0415/110139.775:WARNING:dns_config_service_win.cc(668)] Failed to read DnsConfig.
[0415/110141.332:WARNING:dns_config_service_win.cc(668)] Failed to read DnsConfig.
[0415/110144.787:WARNING:dns_config_service_win.cc(668)] Failed to read DnsConfig.
[0415/110146.350:WARNING:dns_config_service_win.cc(668)] Failed to read DnsConfig.
[0415/110149.795:WARNING:dns_config_service_win.cc(668)] Failed to read DnsConfig.
[0415/110151.363:WARNING:dns_config_service_win.cc(668)] Failed to read DnsConfig.
[0415/110154.807:WARNING:dns_config_service_win.cc(668)] Failed to read DnsConfig.
[0415/110156.377:WARNING:dns_config_service_win.cc(668)] Failed to read DnsConfig.
[0415/110159.819:WARNING:dns_config_service_win.cc(668)] Failed to read DnsConfig.
[0415/110201.384:WARNING:dns_config_service_win.cc(668)] Failed to read DnsConfig.
[0415/110204.834:WARNING:dns_config_service_win.cc(668)] Failed to read DnsConfig.
[0415/110206.396:WARNING:dns_config_service_win.cc(668)] Failed to read DnsConfig.
[0415/110209.847:WARNING:dns_config_service_win.cc(668)] Failed to read DnsConfig.
[0415/110211.406:WARNING:dns_config_service_win.cc(668)] Failed to read DnsConfig.
[0415/110214.856:WARNING:dns_config_service_win.cc(668)] Failed to read DnsConfig.
[0415/110216.422:WARNING:dns_config_service_win.cc(668)] Failed to read DnsConfig.
[0415/110219.871:WARNING:dns_config_service_win.cc(668)] Failed to read DnsConfig.
[0415/110221.432:WARNING:dns_config_service_win.cc(668)] Failed to read DnsConfig.
[0415/110224.879:WARNING:dns_config_service_win.cc(668)] Failed to read DnsConfig.
[0415/110226.447:WARNING:dns_config_service_win.cc(668)] Failed to read DnsConfig.
[0415/110229.894:WARNING:dns_config_service_win.cc(668)] Failed to read DnsConfig.
[0415/110231.455:WARNING:dns_config_service_win.cc(668)] Failed to read DnsConfig.
[0415/110234.907:WARNING:dns_config_service_win.cc(668)] Failed to read DnsConfig.
[0415/110236.468:WARNING:dns_config_service_win.cc(668)] Failed to read DnsConfig.
[0415/110239.916:WARNING:dns_config_service_win.cc(668)] Failed to read DnsConfig.
[0415/110241.480:WARNING:dns_config_service_win.cc(668)] Failed to read DnsConfig.
[0415/110244.925:WARNING:dns_config_service_win.cc(668)] Failed to read DnsConfig.
[0415/110246.496:WARNING:dns_config_service_win.cc(668)] Failed to read DnsConfig.
[0415/110249.940:WARNING:dns_config_service_win.cc(668)] Failed to read DnsConfig.
[0415/110251.502:WARNING:dns_config_service_win.cc(668)] Failed to read DnsConfig.
[0415/110254.951:WARNING:dns_config_service_win.cc(668)] Failed to read DnsConfig.
[0415/110256.516:WARNING:dns_config_service_win.cc(668)] Failed to read DnsConfig.
[0415/110259.963:WARNING:dns_config_service_win.cc(668)] Failed to read DnsConfig.
[0415/110301.527:WARNING:dns_config_service_win.cc(668)] Failed to read DnsConfig.
[0415/110304.975:WARNING:dns_config_service_win.cc(668)] Failed to read DnsConfig.
[0415/110306.540:WARNING:dns_config_service_win.cc(668)] Failed to read DnsConfig.
[0415/110309.984:WARNING:dns_config_service_win.cc(668)] Failed to read DnsConfig.
[0415/110311.550:WARNING:dns_config_service_win.cc(668)] Failed to read DnsConfig.
[0415/110315.003:WARNING:dns_config_service_win.cc(668)] Failed to read DnsConfig.
[0415/110316.565:WARNING:dns_config_service_win.cc(668)] Failed to read DnsConfig.
[0415/110320.009:WARNING:dns_config_service_win.cc(668)] Failed to read DnsConfig.
[0415/110321.574:WARNING:dns_config_service_win.cc(668)] Failed to read DnsConfig.
[0415/110325.021:WARNING:dns_config_service_win.cc(668)] Failed to read DnsConfig.
[0415/110326.592:WARNING:dns_config_service_win.cc(668)] Failed to read DnsConfig.
[0415/110330.039:WARNING:dns_config_service_win.cc(668)] Failed to read DnsConfig.
[0415/110331.605:WARNING:dns_config_service_win.cc(668)] Failed to read DnsConfig.
[0415/110335.043:WARNING:dns_config_service_win.cc(668)] Failed to read DnsConfig.
[0415/110336.616:WARNING:dns_config_service_win.cc(668)] Failed to read DnsConfig.
[0415/110340.064:WARNING:dns_config_service_win.cc(668)] Failed to read DnsConfig.
[0415/110341.628:WARNING:dns_config_service_win.cc(668)] Failed to read DnsConfig.
[0415/110345.076:WARNING:dns_config_service_win.cc(668)] Failed to read DnsConfig.
[0415/110346.634:WARNING:dns_config_service_win.cc(668)] Failed to read DnsConfig.
[0415/110350.081:WARNING:dns_config_service_win.cc(668)] Failed to read DnsConfig.
[0415/110351.647:WARNING:dns_config_service_win.cc(668)] Failed to read DnsConfig.
[0415/110355.089:WARNING:dns_config_service_win.cc(668)] Failed to read DnsConfig.
[0415/110356.657:WARNING:dns_config_service_win.cc(668)] Failed to read DnsConfig.
[0415/110400.096:WARNING:dns_config_service_win.cc(668)] Failed to read DnsConfig.
[0415/110401.679:WARNING:dns_config_service_win.cc(668)] Failed to read DnsConfig.
[0415/110405.107:WARNING:dns_config_service_win.cc(668)] Failed to read DnsConfig.
[0415/110406.682:WARNING:dns_config_service_win.cc(668)] Failed to read DnsConfig.
[0415/110410.111:WARNING:dns_config_service_win.cc(668)] Failed to read DnsConfig.
[0415/110411.691:WARNING:dns_config_service_win.cc(668)] Failed to read DnsConfig.
[0415/110415.120:WARNING:dns_config_service_win.cc(668)] Failed to read DnsConfig.
[0415/110416.700:WARNING:dns_config_service_win.cc(668)] Failed to read DnsConfig.
[0415/110420.123:WARNING:dns_config_service_win.cc(668)] Failed to read DnsConfig.
[0415/110421.702:WARNING:dns_config_service_win.cc(668)] Failed to read DnsConfig.
[0415/110425.131:WARNING:dns_config_service_win.cc(668)] Failed to read DnsConfig.
[0415/110426.718:WARNING:dns_config_service_win.cc(668)] Failed to read DnsConfig.
[0415/110430.145:WARNING:dns_config_service_win.cc(668)] Failed to read DnsConfig.
[0415/110431.731:WARNING:dns_config_service_win.cc(668)] Failed to read DnsConfig.
[0415/110435.153:WARNING:dns_config_service_win.cc(668)] Failed to read DnsConfig.
[0415/110436.739:WARNING:dns_config_service_win.cc(668)] Failed to read DnsConfig.
[0415/110440.174:WARNING:dns_config_service_win.cc(668)] Failed to read DnsConfig.
[0415/110441.754:WARNING:dns_config_service_win.cc(668)] Failed to read DnsConfig.
[0415/110445.179:WARNING:dns_config_service_win.cc(668)] Failed to read DnsConfig.
[0415/110446.759:WARNING:dns_config_service_win.cc(668)] Failed to read DnsConfig.
[0415/110450.190:WARNING:dns_config_service_win.cc(668)] Failed to read DnsConfig.
[0415/110451.774:WARNING:dns_config_service_win.cc(668)] Failed to read DnsConfig.
[0415/110455.208:WARNING:dns_config_service_win.cc(668)] Failed to read DnsConfig.
[0415/110456.792:WARNING:dns_config_service_win.cc(668)] Failed to read DnsConfig.
[0415/110500.222:WARNING:dns_config_service_win.cc(668)] Failed to read DnsConfig.
[0415/110501.798:WARNING:dns_config_service_win.cc(668)] Failed to read DnsConfig.
[0415/110505.228:WARNING:dns_config_service_win.cc(668)] Failed to read DnsConfig.
[0415/110506.813:WARNING:dns_config_service_win.cc(668)] Failed to read DnsConfig.
[0415/110510.240:WARNING:dns_config_service_win.cc(668)] Failed to read DnsConfig.
[0415/110511.816:WARNING:dns_config_service_win.cc(668)] Failed to read DnsConfig.
[0415/110515.248:WARNING:dns_config_service_win.cc(668)] Failed to read DnsConfig.
[0415/110516.832:WARNING:dns_config_service_win.cc(668)] Failed to read DnsConfig.
[0415/110520.267:WARNING:dns_config_service_win.cc(668)] Failed to read DnsConfig.
[0415/110521.844:WARNING:dns_config_service_win.cc(668)] Failed to read DnsConfig.
[0415/110525.276:WARNING:dns_config_service_win.cc(668)] Failed to read DnsConfig.
[0415/110526.861:WARNING:dns_config_service_win.cc(668)] Failed to read DnsConfig.
[0415/110530.286:WARNING:dns_config_service_win.cc(668)] Failed to read DnsConfig.
[0415/110531.870:WARNING:dns_config_service_win.cc(668)] Failed to read DnsConfig.
[0415/110535.302:WARNING:dns_config_service_win.cc(668)] Failed to read DnsConfig.
[0415/110536.883:WARNING:dns_config_service_win.cc(668)] Failed to read DnsConfig.
[0415/110540.310:WARNING:dns_config_service_win.cc(668)] Failed to read DnsConfig.
[0415/110541.897:WARNING:dns_config_service_win.cc(668)] Failed to read DnsConfig.
[0415/110545.324:WARNING:dns_config_service_win.cc(668)] Failed to read DnsConfig.
[0415/110546.911:WARNING:dns_config_service_win.cc(668)] Failed to read DnsConfig.
[0415/110550.334:WARNING:dns_config_service_win.cc(668)] Failed to read DnsConfig.
[0415/110551.918:WARNING:dns_config_service_win.cc(668)] Failed to read DnsConfig.
[0415/110555.351:WARNING:dns_config_service_win.cc(668)] Failed to read DnsConfig.
[0415/110556.936:WARNING:dns_config_service_win.cc(668)] Failed to read DnsConfig.
[0415/110600.360:WARNING:dns_config_service_win.cc(668)] Failed to read DnsConfig.
[0415/110601.953:WARNING:dns_config_service_win.cc(668)] Failed to read DnsConfig.
[0415/110605.372:WARNING:dns_config_service_win.cc(668)] Failed to read DnsConfig.
[0415/110606.961:WARNING:dns_config_service_win.cc(668)] Failed to read DnsConfig.
[0415/110610.383:WARNING:dns_config_service_win.cc(668)] Failed to read DnsConfig.
[0415/110611.966:WARNING:dns_config_service_win.cc(668)] Failed to read DnsConfig.
[0415/110615.401:WARNING:dns_config_service_win.cc(668)] Failed to read DnsConfig.
[0415/110616.980:WARNING:dns_config_service_win.cc(668)] Failed to read DnsConfig.
[0415/110620.413:WARNING:dns_config_service_win.cc(668)] Failed to read DnsConfig.
[0415/110621.990:WARNING:dns_config_service_win.cc(668)] Failed to read DnsConfig.
[0415/110625.421:WARNING:dns_config_service_win.cc(668)] Failed to read DnsConfig.
[0415/110627.005:WARNING:dns_config_service_win.cc(668)] Failed to read DnsConfig.
[0415/110630.436:WARNING:dns_config_service_win.cc(668)] Failed to read DnsConfig.
[0415/110632.014:WARNING:dns_config_service_win.cc(668)] Failed to read DnsConfig.
[0415/110635.438:WARNING:dns_config_service_win.cc(668)] Failed to read DnsConfig.
[0415/110637.032:WARNING:dns_config_service_win.cc(668)] Failed to read DnsConfig.
[0415/110640.446:WARNING:dns_config_service_win.cc(668)] Failed to read DnsConfig.
[0415/110642.038:WARNING:dns_config_service_win.cc(668)] Failed to read DnsConfig.
[0415/110645.464:WARNING:dns_config_service_win.cc(668)] Failed to read DnsConfig.
[0415/110647.045:WARNING:dns_config_service_win.cc(668)] Failed to read DnsConfig.
[0415/110650.484:WARNING:dns_config_service_win.cc(668)] Failed to read DnsConfig.
[0415/110652.054:WARNING:dns_config_service_win.cc(668)] Failed to read DnsConfig.
[0415/110655.493:WARNING:dns_config_service_win.cc(668)] Failed to read DnsConfig.
[0415/110657.073:WARNING:dns_config_service_win.cc(668)] Failed to read DnsConfig.
[0415/110700.505:WARNING:dns_config_service_win.cc(668)] Failed to read DnsConfig.
[0415/110702.084:WARNING:dns_config_service_win.cc(668)] Failed to read DnsConfig.
[0415/110705.516:WARNING:dns_config_service_win.cc(668)] Failed to read DnsConfig.
[0415/110707.102:WARNING:dns_config_service_win.cc(668)] Failed to read DnsConfig.
[0415/110710.532:WARNING:dns_config_service_win.cc(668)] Failed to read DnsConfig.
[0415/110712.114:WARNING:dns_config_service_win.cc(668)] Failed to read DnsConfig.
[0415/110715.534:WARNING:dns_config_service_win.cc(668)] Failed to read DnsConfig.
[0415/110717.120:WARNING:dns_config_service_win.cc(668)] Failed to read DnsConfig.
[0415/110720.551:WARNING:dns_config_service_win.cc(668)] Failed to read DnsConfig.
[0415/110722.142:WARNING:dns_config_service_win.cc(668)] Failed to read DnsConfig.
[0415/110725.570:WARNING:dns_config_service_win.cc(668)] Failed to read DnsConfig.
[0415/110727.159:WARNING:dns_config_service_win.cc(668)] Failed to read DnsConfig.
[0415/110730.580:WARNING:dns_config_service_win.cc(668)] Failed to read DnsConfig.
[0415/110732.174:WARNING:dns_config_service_win.cc(668)] Failed to read DnsConfig.
[0415/110735.593:WARNING:dns_config_service_win.cc(668)] Failed to read DnsConfig.
[0415/110737.186:WARNING:dns_config_service_win.cc(668)] Failed to read DnsConfig.
[0415/110740.602:WARNING:dns_config_service_win.cc(668)] Failed to read DnsConfig.
[0415/110742.197:WARNING:dns_config_service_win.cc(668)] Failed to read DnsConfig.
[0415/110745.609:WARNING:dns_config_service_win.cc(668)] Failed to read DnsConfig.
[0415/110747.210:WARNING:dns_config_service_win.cc(668)] Failed to read DnsConfig.
[0415/110750.621:WARNING:dns_config_service_win.cc(668)] Failed to read DnsConfig.
[0415/110752.227:WARNING:dns_config_service_win.cc(668)] Failed to read DnsConfig.
[0415/110755.640:WARNING:dns_config_service_win.cc(668)] Failed to read DnsConfig.
[0415/110757.230:WARNING:dns_config_service_win.cc(668)] Failed to read DnsConfig.
[0415/110800.656:WARNING:dns_config_service_win.cc(668)] Failed to read DnsConfig.
[0415/110802.244:WARNING:dns_config_service_win.cc(668)] Failed to read DnsConfig.
[0415/110805.660:WARNING:dns_config_service_win.cc(668)] Failed to read DnsConfig.
[0415/110807.262:WARNING:dns_config_service_win.cc(668)] Failed to read DnsConfig.
[0415/110810.673:WARNING:dns_config_service_win.cc(668)] Failed to read DnsConfig.
[0415/110812.276:WARNING:dns_config_service_win.cc(668)] Failed to read DnsConfig.
[0415/110815.677:WARNING:dns_config_service_win.cc(668)] Failed to read DnsConfig.
[0415/110817.282:WARNING:dns_config_service_win.cc(668)] Failed to read DnsConfig.
[0415/110820.691:WARNING:dns_config_service_win.cc(668)] Failed to read DnsConfig.
[0415/110822.293:WARNING:dns_config_service_win.cc(668)] Failed to read DnsConfig.
[0415/110825.707:WARNING:dns_config_service_win.cc(668)] Failed to read DnsConfig.
[0415/110827.299:WARNING:dns_config_service_win.cc(668)] Failed to read DnsConfig.
[0415/110830.716:WARNING:dns_config_service_win.cc(668)] Failed to read DnsConfig.
[0415/110832.318:WARNING:dns_config_service_win.cc(668)] Failed to read DnsConfig.
[0415/110835.732:WARNING:dns_config_service_win.cc(668)] Failed to read DnsConfig.
[0415/110837.335:WARNING:dns_config_service_win.cc(668)] Failed to read DnsConfig.
[0415/111028.161:WARNING:dns_config_service_win.cc(668)] Failed to read DnsConfig.
[0415/111033.172:WARNING:dns_config_service_win.cc(668)] Failed to read DnsConfig.
[0415/111038.175:WARNING:dns_config_service_win.cc(668)] Failed to read DnsConfig.
[0415/111043.180:WARNING:dns_config_service_win.cc(668)] Failed to read DnsConfig.
[0415/111048.191:WARNING:dns_config_service_win.cc(668)] Failed to read DnsConfig.
[0415/111053.195:WARNING:dns_config_service_win.cc(668)] Failed to read DnsConfig.
[0415/111058.203:WARNING:dns_config_service_win.cc(668)] Failed to read DnsConfig.
[0415/111103.215:WARNING:dns_config_service_win.cc(668)] Failed to read DnsConfig.
[0415/111108.222:WARNING:dns_config_service_win.cc(668)] Failed to read DnsConfig.
[0415/111113.238:WARNING:dns_config_service_win.cc(668)] Failed to read DnsConfig.
[0415/111118.246:WARNING:dns_config_service_win.cc(668)] Failed to read DnsConfig.
[0415/111123.260:WARNING:dns_config_service_win.cc(668)] Failed to read DnsConfig.
[0415/111128.271:WARNING:dns_config_service_win.cc(668)] Failed to read DnsConfig.
[0415/111133.293:WARNING:dns_config_service_win.cc(668)] Failed to read DnsConfig.
[0415/111138.318:WARNING:dns_config_service_win.cc(668)] Failed to read DnsConfig.
[0415/111143.328:WARNING:dns_config_service_win.cc(668)] Failed to read DnsConfig.
[0415/111148.339:WARNING:dns_config_service_win.cc(668)] Failed to read DnsConfig.
[0415/111153.350:WARNING:dns_config_service_win.cc(668)] Failed to read DnsConfig.
[0415/111158.357:WARNING:dns_config_service_win.cc(668)] Failed to read DnsConfig.
[0415/111203.376:WARNING:dns_config_service_win.cc(668)] Failed to read DnsConfig.
[0415/111208.386:WARNING:dns_config_service_win.cc(668)] Failed to read DnsConfig.
[0415/111213.399:WARNING:dns_config_service_win.cc(668)] Failed to read DnsConfig.
[0415/111218.413:WARNING:dns_config_service_win.cc(668)] Failed to read DnsConfig.
[0415/111223.415:WARNING:dns_config_service_win.cc(668)] Failed to read DnsConfig.
[0415/111228.431:WARNING:dns_config_service_win.cc(668)] Failed to read DnsConfig.
[0415/111233.440:WARNING:dns_config_service_win.cc(668)] Failed to read DnsConfig.
[0415/111238.453:WARNING:dns_config_service_win.cc(668)] Failed to read DnsConfig.
[0415/111243.484:WARNING:dns_config_service_win.cc(668)] Failed to read DnsConfig.
[0415/111248.501:WARNING:dns_config_service_win.cc(668)] Failed to read DnsConfig.
[0415/111253.501:WARNING:dns_config_service_win.cc(668)] Failed to read DnsConfig.
[0415/111258.524:WARNING:dns_config_service_win.cc(668)] Failed to read DnsConfig.
[0415/111303.537:WARNING:dns_config_service_win.cc(668)] Failed to read DnsConfig.
[0415/111308.549:WARNING:dns_config_service_win.cc(668)] Failed to read DnsConfig.
[0415/111313.565:WARNING:dns_config_service_win.cc(668)] Failed to read DnsConfig.
[0415/111318.575:WARNING:dns_config_service_win.cc(668)] Failed to read DnsConfig.
[0415/111323.577:WARNING:dns_config_service_win.cc(668)] Failed to read DnsConfig.
[0415/111328.592:WARNING:dns_config_service_win.cc(668)] Failed to read DnsConfig.
[0415/111333.602:WARNING:dns_config_service_win.cc(668)] Failed to read DnsConfig.
[0415/111338.617:WARNING:dns_config_service_win.cc(668)] Failed to read DnsConfig.
[0415/111343.627:WARNING:dns_config_service_win.cc(668)] Failed to read DnsConfig.
[0415/111348.639:WARNING:dns_config_service_win.cc(668)] Failed to read DnsConfig.
[0415/111353.649:WARNING:dns_config_service_win.cc(668)] Failed to read DnsConfig.
[0415/111358.663:WARNING:dns_config_service_win.cc(668)] Failed to read DnsConfig.
[0415/111403.677:WARNING:dns_config_service_win.cc(668)] Failed to read DnsConfig.
[0415/111408.685:WARNING:dns_config_service_win.cc(668)] Failed to read DnsConfig.
[0415/111413.693:WARNING:dns_config_service_win.cc(668)] Failed to read DnsConfig.
[0415/111418.711:WARNING:dns_config_service_win.cc(668)] Failed to read DnsConfig.
[0415/111423.724:WARNING:dns_config_service_win.cc(668)] Failed to read DnsConfig.
[0415/111428.740:WARNING:dns_config_service_win.cc(668)] Failed to read DnsConfig.
[0415/111433.749:WARNING:dns_config_service_win.cc(668)] Failed to read DnsConfig.
[0415/111438.763:WARNING:dns_config_service_win.cc(668)] Failed to read DnsConfig.
[0415/111443.776:WARNING:dns_config_service_win.cc(668)] Failed to read DnsConfig.
[0415/111448.787:WARNING:dns_config_service_win.cc(668)] Failed to read DnsConfig.
[0415/111453.800:WARNING:dns_config_service_win.cc(668)] Failed to read DnsConfig.
[0415/111458.810:WARNING:dns_config_service_win.cc(668)] Failed to read DnsConfig.
[0415/111503.815:WARNING:dns_config_service_win.cc(668)] Failed to read DnsConfig.
[0415/111508.829:WARNING:dns_config_service_win.cc(668)] Failed to read DnsConfig.
[0415/111513.848:WARNING:dns_config_service_win.cc(668)] Failed to read DnsConfig.
[0415/111518.853:WARNING:dns_config_service_win.cc(668)] Failed to read DnsConfig.
[0415/111523.872:WARNING:dns_config_service_win.cc(668)] Failed to read DnsConfig.
[0415/111528.880:WARNING:dns_config_service_win.cc(668)] Failed to read DnsConfig.
[0415/111533.885:WARNING:dns_config_service_win.cc(668)] Failed to read DnsConfig.
[0415/111538.902:WARNING:dns_config_service_win.cc(668)] Failed to read DnsConfig.
[0415/111543.920:WARNING:dns_config_service_win.cc(668)] Failed to read DnsConfig.
[0415/111548.925:WARNING:dns_config_service_win.cc(668)] Failed to read DnsConfig.
[0415/111553.937:WARNING:dns_config_service_win.cc(668)] Failed to read DnsConfig.
[0415/111558.949:WARNING:dns_config_service_win.cc(668)] Failed to read DnsConfig.
[0415/111603.968:WARNING:dns_config_service_win.cc(668)] Failed to read DnsConfig.
[0415/111608.983:WARNING:dns_config_service_win.cc(668)] Failed to read DnsConfig.
[0415/111614.002:WARNING:dns_config_service_win.cc(668)] Failed to read DnsConfig.
[0415/111619.009:WARNING:dns_config_service_win.cc(668)] Failed to read DnsConfig.
[0415/111624.017:WARNING:dns_config_service_win.cc(668)] Failed to read DnsConfig.
[0415/111629.028:WARNING:dns_config_service_win.cc(668)] Failed to read DnsConfig.
[0415/111634.039:WARNING:dns_config_service_win.cc(668)] Failed to read DnsConfig.
[0415/111639.052:WARNING:dns_config_service_win.cc(668)] Failed to read DnsConfig.
[0415/111644.070:WARNING:dns_config_service_win.cc(668)] Failed to read DnsConfig.
[0415/111649.083:WARNING:dns_config_service_win.cc(668)] Failed to read DnsConfig.
[0415/111654.101:WARNING:dns_config_service_win.cc(668)] Failed to read DnsConfig.
[0415/111659.109:WARNING:dns_config_service_win.cc(668)] Failed to read DnsConfig.
[0415/111704.117:WARNING:dns_config_service_win.cc(668)] Failed to read DnsConfig.
[0415/111709.126:WARNING:dns_config_service_win.cc(668)] Failed to read DnsConfig.
[0415/113015.616:WARNING:dns_config_service_win.cc(668)] Failed to read DnsConfig.
[0415/113020.626:WARNING:dns_config_service_win.cc(668)] Failed to read DnsConfig.
[0415/113025.648:WARNING:dns_config_service_win.cc(668)] Failed to read DnsConfig.
[0415/113030.654:WARNING:dns_config_service_win.cc(668)] Failed to read DnsConfig.
[0415/113035.662:WARNING:dns_config_service_win.cc(668)] Failed to read DnsConfig.
[0415/113040.677:WARNING:dns_config_service_win.cc(668)] Failed to read DnsConfig.
[0415/113045.688:WARNING:dns_config_service_win.cc(668)] Failed to read DnsConfig.
[0415/113050.698:WARNING:dns_config_service_win.cc(668)] Failed to read DnsConfig.
[0415/113055.701:WARNING:dns_config_service_win.cc(668)] Failed to read DnsConfig.
[0415/113100.712:WARNING:dns_config_service_win.cc(668)] Failed to read DnsConfig.
[0415/113105.722:WARNING:dns_config_service_win.cc(668)] Failed to read DnsConfig.
[0415/113110.738:WARNING:dns_config_service_win.cc(668)] Failed to read DnsConfig.
[0415/113115.739:WARNING:dns_config_service_win.cc(668)] Failed to read DnsConfig.
[0415/113120.755:WARNING:dns_config_service_win.cc(668)] Failed to read DnsConfig.
[0415/113125.767:WARNING:dns_config_service_win.cc(668)] Failed to read DnsConfig.
[0415/113130.779:WARNING:dns_config_service_win.cc(668)] Failed to read DnsConfig.
